<?xml version='1.0' encoding='UTF-8'?>
<testsuite hostname="till-laptop-ubuntu" name="OutlayTest" tests="6" errors="0" failures="0" skipped="0" time="0.044" timestamp="2020-11-16T12:02:05">
                     <properties>
      <property name="java.specification.version" value="15"/><property name="sun.jnu.encoding" value="UTF-8"/><property name="sun.arch.data.model" value="64"/><property name="sbt.supershell" value="false"/><property name="java.vendor.url" value="https://java.oracle.com/"/><property name="jline.terminal" value="none"/><property name="sun.boot.library.path" value="/home/till/.jdks/openjdk-15.0.1/lib"/><property name="sun.java.command" value="/home/till/.local/share/JetBrains/IntelliJIdea2020.2/Scala/launcher/sbt-launch.jar early(addPluginSbtFile=&quot;&quot;&quot;/tmp/idea.sbt&quot;&quot;&quot;) ; set ideaPort in Global := 40615 ; idea-shell"/><property name="jdk.debug" value="release"/><property name="java.specification.vendor" value="Oracle Corporation"/><property name="java.version.date" value="2020-10-20"/><property name="java.home" value="/home/till/.jdks/openjdk-15.0.1"/><property name="file.separator" value="/"/><property name="java.vm.compressedOopsMode" value="32-bit"/><property name="line.separator" value="
"/><property name="java.specification.name" value="Java Platform API Specification"/><property name="java.vm.specification.vendor" value="Oracle Corporation"/><property name="sun.management.compiler" value="HotSpot 64-Bit Tiered Compilers"/><property name="java.runtime.version" value="15.0.1+9-18"/><property name="user.name" value="till"/><property name="log4j.ignoreTCL" value="true"/><property name="file.encoding" value="UTF-8"/><property name="jnidispatch.path" value="/home/till/.cache/JNA/temp/jna7352668326282349826.tmp"/><property name="jna.loaded" value="true"/><property name="java.io.tmpdir" value="/tmp"/><property name="java.version" value="15.0.1"/><property name="java.vm.specification.name" value="Java Virtual Machine Specification"/><property name="java.library.path" value="/usr/java/packages/lib:/usr/lib64:/lib64:/lib:/usr/lib"/><property name="java.vendor" value="Oracle Corporation"/><property name="sun.io.unicode.encoding" value="UnicodeLittle"/><property name="java.class.path" value="/home/till/.local/share/JetBrains/IntelliJIdea2020.2/Scala/launcher/sbt-launch.jar"/><property name="java.vm.vendor" value="Oracle Corporation"/><property name="jline.shutdownhook" value="false"/><property name="user.timezone" value="Europe/Berlin"/><property name="java.vm.specification.version" value="15"/><property name="os.name" value="Linux"/><property name="sun.java.launcher" value="SUN_STANDARD"/><property name="user.country" value="DE"/><property name="sun.cpu.endian" value="little"/><property name="user.home" value="/home/till"/><property name="user.language" value="de"/><property name="swoval.tmpdir" value="/home/till/.sbt/1.0"/><property name="jline.esc.timeout" value="0"/><property name="path.separator" value=":"/><property name="os.version" value="5.4.0-53-generic"/><property name="jna.nosys" value="true"/><property name="java.runtime.name" value="OpenJDK Runtime Environment"/><property name="java.vm.name" value="OpenJDK 64-Bit Server VM"/><property name="jna.platform.library.path" value="/usr/lib/x86_64-linux-gnu:/lib/x86_64-linux-gnu:/usr/lib64:/lib64:/usr/lib:/lib:/usr/lib/x86_64-linux-gnu/libfakeroot"/><property name="java.vendor.url.bug" value="https://bugreport.java.com/bugreport/"/><property name="user.dir" value="/home/till/Dokumente/AA Master Semester C/Moderne Programmiersprachen/LCBilling Projekt/LCBilling.git"/><property name="os.arch" value="amd64"/><property name="idea.managed" value="true"/><property name="java.vm.info" value="mixed mode, sharing"/><property name="java.vm.version" value="15.0.1+9-18"/><property name="java.class.version" value="59.0"/>
    </properties>
                     <testcase classname="OutlayTest" name="The function 'from' should return a Outlay object with Paul, if 'Paul' is passed" time="0.04">
                                                 
                                               </testcase><testcase classname="OutlayTest" name="The function 'towards' should return a Outlay object with 'Martin, Till', if 'Martin, Till' is passed" time="0.001">
                                                 
                                               </testcase><testcase classname="OutlayTest" name="The function 'of' should return a Outlay object with '100', if '100.EUR' is passed" time="0.001">
                                                 
                                               </testcase><testcase classname="OutlayTest" name="The function 'of' should return a Outlay object with '92', if '100.CHF' is passed" time="0.001">
                                                 
                                               </testcase><testcase classname="OutlayTest" name="The function 'at' should return a Outlay object with 'supermarket', if 'supermarket' is passed" time="0.0">
                                                 
                                               </testcase><testcase classname="OutlayTest" name="The function chain should return a Outlay object" time="0.001">
                                                 
                                               </testcase>
                     <system-out><![CDATA[]]></system-out>
                     <system-err><![CDATA[]]></system-err>
                   </testsuite>